<?xml version="1.0" encoding="UTF-8"?>
<!-- Generated by org.testng.reporters.JUnitXMLReporter -->
<testsuite hostname="WIN-K344N9L8257" ignored="0" name="Default test" tests="3" failures="0" timestamp="03 Aug 2018 09:49:08 GMT" time="30.374" errors="0">
  <testcase name="tC_01_Login_FreeCRM" time="3.809" classname="testScripts.FREE_CRM.TC_01_Login_FreeCRM"/>
  <testcase name="tC_01_Login_FreeCRM" time="3.085" classname="testScripts.FREE_CRM.TC_01_Login_FreeCRM"/>
  <testcase name="tC_01_Login_FreeCRM" time="4.01" classname="testScripts.FREE_CRM.TC_01_Login_FreeCRM"/>
</testsuite> <!-- Default test -->
