<?xml version="1.0" encoding="UTF-8"?>
<testng-results skipped="0" failed="0" ignored="0" total="1" passed="1">
  <reporter-output>
  </reporter-output>
  <suite name="Default suite" duration-ms="19433" started-at="2018-09-11T10:14:46Z" finished-at="2018-09-11T10:15:06Z">
    <groups>
    </groups>
    <test name="Default test" duration-ms="19433" started-at="2018-09-11T10:14:46Z" finished-at="2018-09-11T10:15:06Z">
      <class name="testScripts.SANITY.TC03_Sanity_Test_For_SIGMA_CPQ_Salesforce_Website_Login">
        <test-method status="PASS" signature="reportInitializations()[pri:0, instance:testScripts.SANITY.TC03_Sanity_Test_For_SIGMA_CPQ_Salesforce_Website_Login@4e718207]" name="reportInitializations" is-config="true" duration-ms="12" started-at="2018-09-11T10:14:46Z" finished-at="2018-09-11T10:14:46Z">
          <reporter-output>
          </reporter-output>
        </test-method> <!-- reportInitializations -->
        <test-method status="PASS" signature="initializations(org.testng.ITestContext)[pri:0, instance:testScripts.SANITY.TC03_Sanity_Test_For_SIGMA_CPQ_Salesforce_Website_Login@4e718207]" name="initializations" is-config="true" duration-ms="3" started-at="2018-09-11T10:14:46Z" finished-at="2018-09-11T10:14:46Z">
          <params>
            <param index="0">
              <value>
                <![CDATA[org.testng.TestRunner@7674a051]]>
              </value>
            </param>
          </params>
          <reporter-output>
          </reporter-output>
        </test-method> <!-- initializations -->
        <test-method status="PASS" signature="setScriptHelper(java.lang.String, org.testng.ITestContext)[pri:0, instance:testScripts.SANITY.TC03_Sanity_Test_For_SIGMA_CPQ_Salesforce_Website_Login@4e718207]" name="setScriptHelper" is-config="true" duration-ms="4866" started-at="2018-09-11T10:14:46Z" finished-at="2018-09-11T10:14:51Z">
          <params>
            <param index="0">
              <value is-null="true"/>
            </param>
            <param index="1">
              <value>
                <![CDATA[org.testng.TestRunner@7674a051]]>
              </value>
            </param>
          </params>
          <reporter-output>
          </reporter-output>
        </test-method> <!-- setScriptHelper -->
        <test-method status="PASS" signature="Testing_TC03_Sanity_Test_For_SIGMA_CPQ_Salesforce_Website_Login()[pri:0, instance:testScripts.SANITY.TC03_Sanity_Test_For_SIGMA_CPQ_Salesforce_Website_Login@4e718207]" name="Testing_TC03_Sanity_Test_For_SIGMA_CPQ_Salesforce_Website_Login" duration-ms="13452" started-at="2018-09-11T10:14:51Z" finished-at="2018-09-11T10:15:05Z">
          <reporter-output>
          </reporter-output>
        </test-method> <!-- Testing_TC03_Sanity_Test_For_SIGMA_CPQ_Salesforce_Website_Login -->
        <test-method status="PASS" signature="testMethodTearDown(org.testng.ITestResult)[pri:0, instance:testScripts.SANITY.TC03_Sanity_Test_For_SIGMA_CPQ_Salesforce_Website_Login@4e718207]" name="testMethodTearDown" is-config="true" duration-ms="1091" started-at="2018-09-11T10:15:05Z" finished-at="2018-09-11T10:15:06Z">
          <params>
            <param index="0">
              <value>
                <![CDATA[[TestResult name=Testing_TC03_Sanity_Test_For_SIGMA_CPQ_Salesforce_Website_Login status=SUCCESS method=TC03_Sanity_Test_For_SIGMA_CPQ_Salesforce_Website_Login.Testing_TC03_Sanity_Test_For_SIGMA_CPQ_Salesforce_Website_Login()[pri:0, instance:testScripts.SANITY.TC03_Sanity_Test_For_SIGMA_CPQ_Salesforce_Website_Login@4e718207] output={null}]]]>
              </value>
            </param>
          </params>
          <reporter-output>
          </reporter-output>
        </test-method> <!-- testMethodTearDown -->
        <test-method status="PASS" signature="wrapUp()[pri:0, instance:testScripts.SANITY.TC03_Sanity_Test_For_SIGMA_CPQ_Salesforce_Website_Login@4e718207]" name="wrapUp" is-config="true" duration-ms="0" started-at="2018-09-11T10:15:06Z" finished-at="2018-09-11T10:15:06Z">
          <reporter-output>
          </reporter-output>
        </test-method> <!-- wrapUp -->
        <test-method status="PASS" signature="windUp()[pri:0, instance:testScripts.SANITY.TC03_Sanity_Test_For_SIGMA_CPQ_Salesforce_Website_Login@4e718207]" name="windUp" is-config="true" duration-ms="0" started-at="2018-09-11T10:15:06Z" finished-at="2018-09-11T10:15:06Z">
          <reporter-output>
          </reporter-output>
        </test-method> <!-- windUp -->
      </class> <!-- testScripts.SANITY.TC03_Sanity_Test_For_SIGMA_CPQ_Salesforce_Website_Login -->
    </test> <!-- Default test -->
  </suite> <!-- Default suite -->
</testng-results>
